#
# There is insufficient memory for the Java Runtime Environment to continue.
# Native memory allocation (mmap) failed to map 255852544 bytes for G1 virtual space
# Possible reasons:
#   The system is out of physical RAM or swap space
#   The process is running with CompressedOops enabled, and the Java Heap may be blocking the growth of the native heap
# Possible solutions:
#   Reduce memory load on the system
#   Increase physical memory or swap space
#   Check if swap backing store is full
#   Decrease Java heap size (-Xmx/-Xms)
#   Decrease number of Java threads
#   Decrease Java thread stack sizes (-Xss)
#   Set larger code cache with -XX:ReservedCodeCacheSize=
#   JVM is running with Zero Based Compressed Oops mode in which the Java heap is
#     placed in the first 32GB address space. The Java Heap base address is the
#     maximum limit for the native heap growth. Please use -XX:HeapBaseMinAddress
#     to set the Java Heap base and to place the Java Heap above 32GB virtual address.
# This output file may be truncated or incomplete.
#
#  Out of Memory Error (os_windows.cpp:3548), pid=237952, tid=237744
#
# JRE version:  (17.0.12+8) (build )
# Java VM: Java HotSpot(TM) 64-Bit Server VM (17.0.12+8-LTS-286, mixed mode, sharing, tiered, compressed oops, compressed class ptrs, g1 gc, windows-amd64)
# No core dump will be written. Minidumps are not enabled by default on client versions of Windows
#

---------------  S U M M A R Y ------------

Command Line: com.google.prefab.cli.AppKt --build-system cmake --platform android --abi arm64-v8a --os-version 24 --stl c++_shared --ndk-version 27 --output C:\\Users\\durge\\AppData\\Local\\Temp\\agp-prefab-staging6270217546708339856\\staged-cli-output C:\\Users\\durge\\.gradle\\caches\\8.11.1\\transforms\\474611c0ad8f3ffdd42361a806a3bfb9\\transformed\\jetified-react-android-0.77.0-debug\\prefab D:\\Mobile-App\\creditcircle\\android\\app\\build\\intermediates\\cxx\\refs\\react-native-reanimated\\i3k5ld6t C:\\Users\\durge\\.gradle\\caches\\8.11.1\\transforms\\9867bdefd04ee03bd29ffbbbdcb3aced\\transformed\\jetified-fbjni-0.7.0\\prefab

Host: AMD Ryzen 7 7840HS w/ Radeon 780M Graphics     , 16 cores, 15G,  Windows 11 , 64 bit Build 26100 (10.0.26100.3912)
Time: Thu Jun  5 17:17:30 2025 India Standard Time elapsed time: 2.037318 seconds (0d 0h 0m 2s)

---------------  T H R E A D  ---------------

Current thread (0x0000029d8bfc1e00):  JavaThread "Unknown thread" [_thread_in_vm, id=237744, stack(0x000000bc63000000,0x000000bc63100000)]

Stack: [0x000000bc63000000,0x000000bc63100000]
Native frames: (J=compiled Java code, j=interpreted, Vv=VM code, C=native code)
V  [jvm.dll+0x67a04a]
V  [jvm.dll+0x7da4ed]
V  [jvm.dll+0x7dbe33]
V  [jvm.dll+0x7dc4a3]
V  [jvm.dll+0x24508f]
V  [jvm.dll+0x677089]
V  [jvm.dll+0x66bd32]
V  [jvm.dll+0x301fa6]
V  [jvm.dll+0x309546]
V  [jvm.dll+0x359d2e]
V  [jvm.dll+0x359f5f]
V  [jvm.dll+0x2d9078]
V  [jvm.dll+0x2d9fe4]
V  [jvm.dll+0x7aca21]
V  [jvm.dll+0x367591]
V  [jvm.dll+0x78b999]
V  [jvm.dll+0x3ec83f]
V  [jvm.dll+0x3ee471]
C  [jli.dll+0x5297]
C  [ucrtbase.dll+0x37b0]
C  [KERNEL32.DLL+0x2e8d7]
C  [ntdll.dll+0x9c5dc]


---------------  P R O C E S S  ---------------

Threads class SMR info:
_java_thread_list=0x00007ffc18f37a18, length=0, elements={
}

Java Threads: ( => current thread )

Other Threads:
  0x0000029d8c02b100 GCTaskThread "GC Thread#0" [stack: 0x000000bc63100000,0x000000bc63200000] [id=237784]
  0x0000029d8c03e2f0 ConcurrentGCThread "G1 Main Marker" [stack: 0x000000bc63200000,0x000000bc63300000] [id=217568]
  0x0000029d8c040530 ConcurrentGCThread "G1 Conc#0" [stack: 0x000000bc63300000,0x000000bc63400000] [id=237548]

[error occurred during error reporting (printing all threads), id 0xc0000005, EXCEPTION_ACCESS_VIOLATION (0xc0000005) at pc=0x00007ffc18769b67]

VM state: not at safepoint (not fully initialized)

VM Mutex/Monitor currently owned by a thread:  ([mutex/lock_event])
[0x0000029d8bfbe3f0] Heap_lock - owner thread: 0x0000029d8bfc1e00

Heap address: 0x000000070ce00000, size: 3890 MB, Compressed Oops mode: Zero based, Oop shift amount: 3

CDS archive(s) mapped at: [0x0000000000000000-0x0000000000000000-0x0000000000000000), size 0, SharedBaseAddress: 0x0000000800000000, ArchiveRelocationMode: 1.
Narrow klass base: 0x0000000000000000, Narrow klass shift: 0, Narrow klass range: 0x0

GC Precious Log:
<Empty>

Heap:
 garbage-first heap   total 0K, used 0K [0x000000070ce00000, 0x0000000800000000)
  region size 2048K, 0 young (0K), 0 survivors (0K)

[error occurred during error reporting (printing heap information), id 0xc0000005, EXCEPTION_ACCESS_VIOLATION (0xc0000005) at pc=0x00007ffc18b53859]

GC Heap History (0 events):
No events

Deoptimization events (0 events):
No events

Classes unloaded (0 events):
No events

Classes redefined (0 events):
No events

Internal exceptions (0 events):
No events

VM Operations (0 events):
No events

Events (1 events):
Event: 0.009 Loaded shared library C:\Program Files\Java\jdk-17\bin\java.dll


Dynamic libraries:
0x00007ff786ad0000 - 0x00007ff786ae0000 	C:\Program Files\Java\jdk-17\bin\java.exe
0x00007ffc5d9c0000 - 0x00007ffc5dc26000 	C:\WINDOWS\SYSTEM32\ntdll.dll
0x00007ffc5bea0000 - 0x00007ffc5bf69000 	C:\WINDOWS\System32\KERNEL32.DLL
0x00007ffc5ad70000 - 0x00007ffc5b13c000 	C:\WINDOWS\System32\KERNELBASE.dll
0x00007ffc5b170000 - 0x00007ffc5b2bb000 	C:\WINDOWS\System32\ucrtbase.dll
0x00007ffc401c0000 - 0x00007ffc401d9000 	C:\Program Files\Java\jdk-17\bin\jli.dll
0x00007ffc3ff00000 - 0x00007ffc3ff1b000 	C:\Program Files\Java\jdk-17\bin\VCRUNTIME140.dll
0x00007ffc5d200000 - 0x00007ffc5d2b2000 	C:\WINDOWS\System32\ADVAPI32.dll
0x00007ffc5cfe0000 - 0x00007ffc5d089000 	C:\WINDOWS\System32\msvcrt.dll
0x00007ffc5d8d0000 - 0x00007ffc5d976000 	C:\WINDOWS\System32\sechost.dll
0x00007ffc5d0e0000 - 0x00007ffc5d1f6000 	C:\WINDOWS\System32\RPCRT4.dll
0x00007ffc5bcd0000 - 0x00007ffc5be9a000 	C:\WINDOWS\System32\USER32.dll
0x00007ffc5b140000 - 0x00007ffc5b167000 	C:\WINDOWS\System32\win32u.dll
0x00007ffc5b7f0000 - 0x00007ffc5b81b000 	C:\WINDOWS\System32\GDI32.dll
0x00007ffc3c710000 - 0x00007ffc3c9aa000 	C:\WINDOWS\WinSxS\amd64_microsoft.windows.common-controls_6595b64144ccf1df_6.0.26100.3912_none_3e07963ce335137e\COMCTL32.dll
0x00007ffc5b4d0000 - 0x00007ffc5b602000 	C:\WINDOWS\System32\gdi32full.dll
0x00007ffc5b610000 - 0x00007ffc5b6b3000 	C:\WINDOWS\System32\msvcp_win.dll
0x00007ffc57b70000 - 0x00007ffc57b7b000 	C:\WINDOWS\SYSTEM32\VERSION.dll
0x00007ffc5b8c0000 - 0x00007ffc5b8f0000 	C:\WINDOWS\System32\IMM32.DLL
0x00007ffc57800000 - 0x00007ffc5780c000 	C:\Program Files\Java\jdk-17\bin\vcruntime140_1.dll
0x00007ffc40060000 - 0x00007ffc400ee000 	C:\Program Files\Java\jdk-17\bin\msvcp140.dll
0x00007ffc18480000 - 0x00007ffc19060000 	C:\Program Files\Java\jdk-17\bin\server\jvm.dll
0x00007ffc5b8b0000 - 0x00007ffc5b8b8000 	C:\WINDOWS\System32\PSAPI.DLL
0x00007ffc51ef0000 - 0x00007ffc51f26000 	C:\WINDOWS\SYSTEM32\WINMM.dll
0x00007ffc52d80000 - 0x00007ffc52d8a000 	C:\WINDOWS\SYSTEM32\WSOCK32.dll
0x00007ffc5b900000 - 0x00007ffc5b974000 	C:\WINDOWS\System32\WS2_32.dll
0x00007ffc59910000 - 0x00007ffc5992a000 	C:\WINDOWS\SYSTEM32\kernel.appcore.dll
0x00007ffc49500000 - 0x00007ffc4950a000 	C:\Program Files\Java\jdk-17\bin\jimage.dll
0x00007ffc52b30000 - 0x00007ffc52d71000 	C:\WINDOWS\SYSTEM32\DBGHELP.DLL
0x00007ffc5d540000 - 0x00007ffc5d8c4000 	C:\WINDOWS\System32\combase.dll
0x00007ffc5bf70000 - 0x00007ffc5c050000 	C:\WINDOWS\System32\OLEAUT32.dll
0x00007ffc39180000 - 0x00007ffc391b9000 	C:\WINDOWS\SYSTEM32\dbgcore.DLL
0x00007ffc5acd0000 - 0x00007ffc5ad69000 	C:\WINDOWS\System32\bcryptPrimitives.dll
0x00007ffc443c0000 - 0x00007ffc443e5000 	C:\Program Files\Java\jdk-17\bin\java.dll

dbghelp: loaded successfully - version: 4.0.5 - missing functions: none
symbol engine: initialized successfully - sym options: 0x614 - pdb path: .;C:\Program Files\Java\jdk-17\bin;C:\WINDOWS\SYSTEM32;C:\WINDOWS\WinSxS\amd64_microsoft.windows.common-controls_6595b64144ccf1df_6.0.26100.3912_none_3e07963ce335137e;C:\Program Files\Java\jdk-17\bin\server

VM Arguments:
java_command: com.google.prefab.cli.AppKt --build-system cmake --platform android --abi arm64-v8a --os-version 24 --stl c++_shared --ndk-version 27 --output C:\\Users\\durge\\AppData\\Local\\Temp\\agp-prefab-staging6270217546708339856\\staged-cli-output C:\\Users\\durge\\.gradle\\caches\\8.11.1\\transforms\\474611c0ad8f3ffdd42361a806a3bfb9\\transformed\\jetified-react-android-0.77.0-debug\\prefab D:\\Mobile-App\\creditcircle\\android\\app\\build\\intermediates\\cxx\\refs\\react-native-reanimated\\i3k5ld6t C:\\Users\\durge\\.gradle\\caches\\8.11.1\\transforms\\9867bdefd04ee03bd29ffbbbdcb3aced\\transformed\\jetified-fbjni-0.7.0\\prefab
java_class_path (initial): C:\\Users\\durge\\.gradle\\caches\\modules-2\\files-2.1\\com.google.prefab\\cli\\2.1.0\\aa32fec809c44fa531f01dcfb739b5b3304d3050\\cli-2.1.0-all.jar
Launcher Type: SUN_STANDARD

[Global flags]
     intx CICompilerCount                          = 12                                        {product} {ergonomic}
     uint ConcGCThreads                            = 3                                         {product} {ergonomic}
     uint G1ConcRefinementThreads                  = 13                                        {product} {ergonomic}
   size_t G1HeapRegionSize                         = 2097152                                   {product} {ergonomic}
    uintx GCDrainStackTargetSize                   = 64                                        {product} {ergonomic}
   size_t InitialHeapSize                          = 255852544                                 {product} {ergonomic}
   size_t MarkStackSize                            = 4194304                                   {product} {ergonomic}
   size_t MaxHeapSize                              = 4078960640                                {product} {ergonomic}
   size_t MinHeapDeltaBytes                        = 2097152                                   {product} {ergonomic}
   size_t MinHeapSize                              = 8388608                                   {product} {ergonomic}
    uintx NonNMethodCodeHeapSize                   = 7602480                                {pd product} {ergonomic}
    uintx NonProfiledCodeHeapSize                  = 122027880                              {pd product} {ergonomic}
    uintx ProfiledCodeHeapSize                     = 122027880                              {pd product} {ergonomic}
    uintx ReservedCodeCacheSize                    = 251658240                              {pd product} {ergonomic}
     bool SegmentedCodeCache                       = true                                      {product} {ergonomic}
   size_t SoftMaxHeapSize                          = 4078960640                             {manageable} {ergonomic}
     bool UseCompressedClassPointers               = true                           {product lp64_product} {ergonomic}
     bool UseCompressedOops                        = true                           {product lp64_product} {ergonomic}
     bool UseG1GC                                  = true                                      {product} {ergonomic}
     bool UseLargePagesIndividualAllocation        = false                                  {pd product} {ergonomic}

Logging:
Log output configuration:
 #0: stdout all=warning uptime,level,tags
 #1: stderr all=off uptime,level,tags

Environment Variables:
CLASSPATH=D:\Mobile-App\creditcircle\android\\gradle\wrapper\gradle-wrapper.jar
PATH=D:\Mobile-App\creditcircle\node_modules\.bin;D:\Mobile-App\creditcircle\node_modules\.bin;D:\Mobile-App\node_modules\.bin;D:\node_modules\.bin;C:\Program Files\nodejs\node_modules\npm\node_modules\@npmcli\run-script\lib\node-gyp-bin;C:\Program Files\Common Files\Oracle\Java\javapath;C:\Program Files (x86)\Common Files\Intel\Shared Libraries\redist\intel64\compiler;C:\Windows\system32;C:\Windows;C:\Windows\System32\Wbem;C:\Windows\System32\WindowsPowerShell\v1.0\;C:\Windows\System32\OpenSSH\;C:\Program Files (x86)\NVIDIA Corporation\PhysX\Common;C:\Program Files\Git\cmd;C:\Program Files\PuTTY\;C:\ProgramData\chocolatey\bin;C:\Users\durge\AppData\Local\Android\Sdk\platform-tools;C:\WINDOWS\system32;C:\WINDOWS;C:\WINDOWS\System32\Wbem;C:\WINDOWS\System32\WindowsPowerShell\v1.0\;C:\WINDOWS\System32\OpenSSH\;%JAVA_HOME%\bin;C:\Users\durge\AppData\Local\Android\Sdk;"C:\Program Files\Common Files\Oracle\Java\javapath;C:\Program Files\nodejs\;";";C:\Program Files (x86)\Android\android-sdk\platform-tools;C:\Program Files\MySQL\MySQL Shell 8.0\bin\;C:\Users\durge\AppData\Local\Android\Sdk\tools;C:\Users\durge\AppData\Local\jdk-11.0.2\bin;C:\Users\durge\AppData\Local\Microsoft\WindowsApps;C:\Users\durge\AppData\Local\Programs\Microsoft VS Code\bin;C:\Program Files\JetBrains\WebStorm 2023.1.3\bin;C:\Users\durge\AppData\Roaming\npm;C:\Program Files (x86)\Android\android-sdk;C:\Users\durge\AppData\Local\Android\Sdk";C:\Users\durge\AppData\Local\Programs\cursor\resources\app\bin;c:\Users\durge\AppData\Local\Programs\cursor\resources\app\bin;C:\WINDOWS\system32;C:\WINDOWS;C:\WINDOWS\System32\Wbem;C:\WINDOWS\System32\WindowsPowerShell\v1.0\;C:\WINDOWS\System32\OpenSSH\;C:\Program Files\nodejs;C:\Program Files (x86)\Bitvise SSH Client;C:\Program Files\MongoDB\Server\8.0\bin;C:\Program Files\MySQL\MySQL Shell 8.0\bin\;C:\Users\durge\AppData\Local\Android\Sdk\tools;C:\Users\durge\AppData\Local\jdk-11.0.2\bin;C:\Users\durge\AppData\Local\Microsoft\WindowsApps;C:\Users\durge\AppData\Lo
USERNAME=durge
LANG=en_US.UTF-8
OS=Windows_NT
PROCESSOR_IDENTIFIER=AMD64 Family 25 Model 116 Stepping 1, AuthenticAMD



---------------  S Y S T E M  ---------------

OS:
 Windows 11 , 64 bit Build 26100 (10.0.26100.3912)
OS uptime: 6 days 0:19 hours
Hyper-V role detected

CPU: total 16 (initial active 16) (16 cores per cpu, 2 threads per core) family 25 model 116 stepping 1 microcode 0xa704107, cx8, cmov, fxsr, ht, mmx, 3dnowpref, sse, sse2, sse3, ssse3, sse4a, sse4.1, sse4.2, popcnt, lzcnt, tsc, tscinvbit, avx, avx2, aes, erms, clmul, bmi1, bmi2, adx, avx512f, avx512dq, avx512cd, avx512bw, avx512vl, sha, fma, vzeroupper, avx512_vpopcntdq, avx512_vpclmulqdq, avx512_vaes, avx512_vnni, clflush, clflushopt, avx512_vbmi2, avx512_vbmi, hv

Memory: 4k page, system-wide physical 15554M (68M free)
TotalPageFile size 57431M (AvailPageFile size 4M)
current process WorkingSet (physical memory assigned to process): 12M, peak: 12M
current process commit charge ("private bytes"): 70M, peak: 314M

vm_info: Java HotSpot(TM) 64-Bit Server VM (17.0.12+8-LTS-286) for windows-amd64 JRE (17.0.12+8-LTS-286), built on Jun  5 2024 06:46:59 by "mach5one" with MS VC++ 17.6 (VS2022)

END.
